<?xml version="1.0" encoding="UTF-8"?>
<!-- Generated by org.testng.reporters.JUnitXMLReporter -->
<testsuite ignored="0" hostname="Shubham" failures="0" tests="3" name="Default test" time="19.745" errors="0" timestamp="2024-09-27T16:05:42 IST">
  <testcase classname="TestCases.LoginTestPage" name="loginToApplication" time="0.503"/>
  <testcase classname="TestCases.LoginTestPage" name="verifyTitleofApplication" time="0.023"/>
  <testcase classname="TestCases.LoginTestPage" name="verifyURLofApplication" time="0.019"/>
</testsuite> <!-- Default test -->
